E:\【LEARN】\2\22-2015春季学期\人工智能导论\大作业\AI_PROJECT_WIN\CONNECT4\STRATEGY\RELEASE\STRATEGY.OBJ
E:\【LEARN】\2\22-2015春季学期\人工智能导论\大作业\AI_PROJECT_WIN\CONNECT4\STRATEGY\RELEASE\JUDGE.OBJ
E:\【LEARN】\2\22-2015春季学期\人工智能导论\大作业\AI_PROJECT_WIN\CONNECT4\STRATEGY\RELEASE\VC110.PDB
E:\【LEARN】\2\22-2015春季学期\人工智能导论\大作业\AI_PROJECT_WIN\CONNECT4\RELEASE\STRATEGY.DLL
E:\【LEARN】\2\22-2015春季学期\人工智能导论\大作业\AI_PROJECT_WIN\CONNECT4\RELEASE\STRATEGY.PDB
E:\【learn】\2\22-2015春季学期\人工智能导论\大作业\AI_project_win\Connect4\Release\Strategy.lib
E:\【learn】\2\22-2015春季学期\人工智能导论\大作业\AI_project_win\Connect4\Release\Strategy.exp
E:\【learn】\2\22-2015春季学期\人工智能导论\大作业\AI_project_win\Connect4\Strategy\Release\Judge.obj
E:\【learn】\2\22-2015春季学期\人工智能导论\大作业\AI_project_win\Connect4\Strategy\Release\Strategy.obj
E:\【learn】\2\22-2015春季学期\人工智能导论\大作业\AI_project_win\Connect4\Strategy\Release\cl.command.1.tlog
E:\【learn】\2\22-2015春季学期\人工智能导论\大作业\AI_project_win\Connect4\Strategy\Release\CL.read.1.tlog
E:\【learn】\2\22-2015春季学期\人工智能导论\大作业\AI_project_win\Connect4\Strategy\Release\CL.write.1.tlog
E:\【learn】\2\22-2015春季学期\人工智能导论\大作业\AI_project_win\Connect4\Strategy\Release\link-cvtres.read.1.tlog
E:\【learn】\2\22-2015春季学期\人工智能导论\大作业\AI_project_win\Connect4\Strategy\Release\link-cvtres.write.1.tlog
E:\【learn】\2\22-2015春季学期\人工智能导论\大作业\AI_project_win\Connect4\Strategy\Release\link-rc.read.1.tlog
E:\【learn】\2\22-2015春季学期\人工智能导论\大作业\AI_project_win\Connect4\Strategy\Release\link-rc.write.1.tlog
E:\【learn】\2\22-2015春季学期\人工智能导论\大作业\AI_project_win\Connect4\Strategy\Release\link.command.1.tlog
E:\【learn】\2\22-2015春季学期\人工智能导论\大作业\AI_project_win\Connect4\Strategy\Release\link.read.1.tlog
E:\【learn】\2\22-2015春季学期\人工智能导论\大作业\AI_project_win\Connect4\Strategy\Release\link.read.2.tlog
E:\【learn】\2\22-2015春季学期\人工智能导论\大作业\AI_project_win\Connect4\Strategy\Release\link.read.4.tlog
E:\【learn】\2\22-2015春季学期\人工智能导论\大作业\AI_project_win\Connect4\Strategy\Release\link.read.5.tlog
E:\【learn】\2\22-2015春季学期\人工智能导论\大作业\AI_project_win\Connect4\Strategy\Release\link.write.1.tlog
E:\【learn】\2\22-2015春季学期\人工智能导论\大作业\AI_project_win\Connect4\Strategy\Release\Strategy.write.1.tlog
E:\【learn】\2\22-2015春季学期\人工智能导论\大作业\AI_project_win\Connect4\Strategy\Release\vc110.pdb
E:\【learn】\2\22-2015春季学期\人工智能导论\大作业\AI_project_win\Connect4\Release\Strategy.pdb
E:\【learn】\2\22-2015春季学期\人工智能导论\大作业\AI_project_win\Connect4\Release\Strategy.dll
