E:\【LEARN】\2\22-2015春季学期\人工智能导论\大作业\AI_PROJECT_WIN\CONNECT4\STRATEGY\DEBUG\JUDGE.OBJ
E:\【LEARN】\2\22-2015春季学期\人工智能导论\大作业\AI_PROJECT_WIN\CONNECT4\STRATEGY\DEBUG\STRATEGY.OBJ
E:\【LEARN】\2\22-2015春季学期\人工智能导论\大作业\AI_PROJECT_WIN\CONNECT4\STRATEGY\DEBUG\VC110.PDB
E:\【LEARN】\2\22-2015春季学期\人工智能导论\大作业\AI_PROJECT_WIN\CONNECT4\DEBUG\STRATEGY.ILK
E:\【LEARN】\2\22-2015春季学期\人工智能导论\大作业\AI_PROJECT_WIN\CONNECT4\DEBUG\STRATEGY.DLL
E:\【LEARN】\2\22-2015春季学期\人工智能导论\大作业\AI_PROJECT_WIN\CONNECT4\DEBUG\STRATEGY.PDB
E:\【learn】\2\22-2015春季学期\人工智能导论\大作业\AI_project_win\Connect4\Debug\Strategy.lib
E:\【learn】\2\22-2015春季学期\人工智能导论\大作业\AI_project_win\Connect4\Debug\Strategy.exp
E:\【learn】\2\22-2015春季学期\人工智能导论\大作业\AI_project_win\Connect4\Strategy\Debug\Judge.obj
E:\【learn】\2\22-2015春季学期\人工智能导论\大作业\AI_project_win\Connect4\Strategy\Debug\Strategy.obj
E:\【learn】\2\22-2015春季学期\人工智能导论\大作业\AI_project_win\Connect4\Strategy\Debug\cl.command.1.tlog
E:\【learn】\2\22-2015春季学期\人工智能导论\大作业\AI_project_win\Connect4\Strategy\Debug\CL.read.1.tlog
E:\【learn】\2\22-2015春季学期\人工智能导论\大作业\AI_project_win\Connect4\Strategy\Debug\CL.write.1.tlog
E:\【learn】\2\22-2015春季学期\人工智能导论\大作业\AI_project_win\Connect4\Strategy\Debug\link-cvtres.read.1.tlog
E:\【learn】\2\22-2015春季学期\人工智能导论\大作业\AI_project_win\Connect4\Strategy\Debug\link-cvtres.write.1.tlog
E:\【learn】\2\22-2015春季学期\人工智能导论\大作业\AI_project_win\Connect4\Strategy\Debug\link-rc.read.1.tlog
E:\【learn】\2\22-2015春季学期\人工智能导论\大作业\AI_project_win\Connect4\Strategy\Debug\link-rc.write.1.tlog
E:\【learn】\2\22-2015春季学期\人工智能导论\大作业\AI_project_win\Connect4\Strategy\Debug\link.command.1.tlog
E:\【learn】\2\22-2015春季学期\人工智能导论\大作业\AI_project_win\Connect4\Strategy\Debug\link.read.1.tlog
E:\【learn】\2\22-2015春季学期\人工智能导论\大作业\AI_project_win\Connect4\Strategy\Debug\link.write.1.tlog
E:\【learn】\2\22-2015春季学期\人工智能导论\大作业\AI_project_win\Connect4\Strategy\Debug\Strategy.write.1.tlog
E:\【learn】\2\22-2015春季学期\人工智能导论\大作业\AI_project_win\Connect4\Strategy\Debug\vc110.idb
E:\【learn】\2\22-2015春季学期\人工智能导论\大作业\AI_project_win\Connect4\Strategy\Debug\vc110.pdb
E:\【learn】\2\22-2015春季学期\人工智能导论\大作业\AI_project_win\Connect4\Debug\Strategy.pdb
E:\【learn】\2\22-2015春季学期\人工智能导论\大作业\AI_project_win\Connect4\Debug\Strategy.dll
E:\【learn】\2\22-2015春季学期\人工智能导论\大作业\AI_project_win\Connect4\Debug\Strategy.ilk
